<?xml version="1.0" encoding="UTF-8"?>
<!-- Generated by org.testng.reporters.JUnitXMLReporter -->
<testsuite ignored="0" hostname="DESKTOP-CKA0VHJ" failures="0" tests="3" name="Edge Tests" time="0.002" errors="0" timestamp="2023-11-09T17:14:29 WIB">
  <testcase classname="modul.tests.APITestCases" name="testEdgeCase" time="0.001"/>
  <testcase classname="modul.tests.APITestCases" name="testNegativeCase" time="0.0"/>
  <testcase classname="modul.tests.APITestCases" name="testPositiveCase" time="0.0"/>
</testsuite> <!-- Edge Tests -->
