<?xml version="1.0" encoding="UTF-8"?>
<!-- Generated by org.testng.reporters.JUnitXMLReporter -->
<testsuite ignored="0" hostname="DESKTOP-CKA0VHJ" failures="0" tests="3" name="Positive Tests" time="0.038" errors="0" timestamp="2023-11-09T17:14:28 WIB">
  <testcase classname="modul.tests.APITestCases" name="testEdgeCase" time="0.003"/>
  <testcase classname="modul.tests.APITestCases" name="testNegativeCase" time="0.0"/>
  <testcase classname="modul.tests.APITestCases" name="testPositiveCase" time="0.0"/>
</testsuite> <!-- Positive Tests -->
