<?xml version="1.0" encoding="UTF-8"?>
<testng-results ignored="0" total="9" passed="9" failed="0" skipped="0">
  <reporter-output>
  </reporter-output>
  <suite started-at="2023-11-09T17:14:28 WIB" name="API Test Suite" finished-at="2023-11-09T17:14:29 WIB" duration-ms="99">
    <groups>
    </groups>
    <test started-at="2023-11-09T17:14:28 WIB" name="Positive Tests" finished-at="2023-11-09T17:14:28 WIB" duration-ms="38">
      <class name="modul.tests.APITestCases">
        <test-method signature="testEdgeCase()[pri:0, instance:modul.tests.APITestCases@6325a3ee]" started-at="2023-11-09T17:14:28 WIB" name="testEdgeCase" finished-at="2023-11-09T17:14:28 WIB" duration-ms="3" status="PASS">
          <reporter-output>
          </reporter-output>
        </test-method> <!-- testEdgeCase -->
        <test-method signature="testNegativeCase()[pri:0, instance:modul.tests.APITestCases@6325a3ee]" started-at="2023-11-09T17:14:28 WIB" name="testNegativeCase" finished-at="2023-11-09T17:14:28 WIB" duration-ms="0" status="PASS">
          <reporter-output>
          </reporter-output>
        </test-method> <!-- testNegativeCase -->
        <test-method signature="testPositiveCase()[pri:0, instance:modul.tests.APITestCases@6325a3ee]" started-at="2023-11-09T17:14:28 WIB" name="testPositiveCase" finished-at="2023-11-09T17:14:28 WIB" duration-ms="0" status="PASS">
          <reporter-output>
          </reporter-output>
        </test-method> <!-- testPositiveCase -->
      </class> <!-- modul.tests.APITestCases -->
    </test> <!-- Positive Tests -->
    <test started-at="2023-11-09T17:14:28 WIB" name="Negative Tests" finished-at="2023-11-09T17:14:28 WIB" duration-ms="1">
      <class name="modul.tests.APITestCases">
        <test-method signature="testNegativeCase()[pri:0, instance:modul.tests.APITestCases@1786dec2]" started-at="2023-11-09T17:14:28 WIB" name="testNegativeCase" finished-at="2023-11-09T17:14:28 WIB" duration-ms="0" status="PASS">
          <reporter-output>
          </reporter-output>
        </test-method> <!-- testNegativeCase -->
        <test-method signature="testPositiveCase()[pri:0, instance:modul.tests.APITestCases@1786dec2]" started-at="2023-11-09T17:14:28 WIB" name="testPositiveCase" finished-at="2023-11-09T17:14:28 WIB" duration-ms="0" status="PASS">
          <reporter-output>
          </reporter-output>
        </test-method> <!-- testPositiveCase -->
        <test-method signature="testEdgeCase()[pri:0, instance:modul.tests.APITestCases@1786dec2]" started-at="2023-11-09T17:14:28 WIB" name="testEdgeCase" finished-at="2023-11-09T17:14:28 WIB" duration-ms="0" status="PASS">
          <reporter-output>
          </reporter-output>
        </test-method> <!-- testEdgeCase -->
      </class> <!-- modul.tests.APITestCases -->
    </test> <!-- Negative Tests -->
    <test started-at="2023-11-09T17:14:29 WIB" name="Edge Tests" finished-at="2023-11-09T17:14:29 WIB" duration-ms="2">
      <class name="modul.tests.APITestCases">
        <test-method signature="testEdgeCase()[pri:0, instance:modul.tests.APITestCases@4b1c1ea0]" started-at="2023-11-09T17:14:29 WIB" name="testEdgeCase" finished-at="2023-11-09T17:14:29 WIB" duration-ms="1" status="PASS">
          <reporter-output>
          </reporter-output>
        </test-method> <!-- testEdgeCase -->
        <test-method signature="testNegativeCase()[pri:0, instance:modul.tests.APITestCases@4b1c1ea0]" started-at="2023-11-09T17:14:29 WIB" name="testNegativeCase" finished-at="2023-11-09T17:14:29 WIB" duration-ms="0" status="PASS">
          <reporter-output>
          </reporter-output>
        </test-method> <!-- testNegativeCase -->
        <test-method signature="testPositiveCase()[pri:0, instance:modul.tests.APITestCases@4b1c1ea0]" started-at="2023-11-09T17:14:29 WIB" name="testPositiveCase" finished-at="2023-11-09T17:14:29 WIB" duration-ms="0" status="PASS">
          <reporter-output>
          </reporter-output>
        </test-method> <!-- testPositiveCase -->
      </class> <!-- modul.tests.APITestCases -->
    </test> <!-- Edge Tests -->
  </suite> <!-- API Test Suite -->
</testng-results>
